Copyright 1986-2022 Xilinx, Inc. All Rights Reserved. Copyright 2022-2025 Advanced Micro Devices, Inc. All Rights Reserved.
--------------------------------------------------------------------------------------------------------------------------------------------------
| Tool Version      : Vivado v.2025.1 (win64) Build 6140274 Thu May 22 00:12:29 MDT 2025
| Date              : Thu Sep 11 14:29:50 2025
| Host              : Ashwija running 64-bit major release  (build 9200)
| Command           : report_timing_summary -file ./mac_data_aware_timing.rpt
| Design            : mac_data_aware
| Device            : xczu3eg-sbva484
| Speed File        : -1  PRODUCTION 1.30 05-15-2022
| Design State      : Routed
| Temperature Grade : E
--------------------------------------------------------------------------------------------------------------------------------------------------

Timing Summary Report

------------------------------------------------------------------------------------------------
| Timer Settings
| --------------
------------------------------------------------------------------------------------------------

  Enable Multi Corner Analysis               :  Yes
  Enable Pessimism Removal                   :  Yes
  Pessimism Removal Resolution               :  Nearest Common Node
  Enable Input Delay Default Clock           :  No
  Enable Preset / Clear Arcs                 :  No
  Disable Flight Delays                      :  No
  Ignore I/O Paths                           :  No
  Timing Early Launch at Borrowing Latches   :  No
  Borrow Time for Max Delay Exceptions       :  Yes
  Merge Timing Exceptions                    :  Yes
  Inter-SLR Compensation                     :  Conservative

  Corner  Analyze    Analyze    
  Name    Max Paths  Min Paths  
  ------  ---------  ---------  
  Slow    Yes        Yes        
  Fast    Yes        Yes        


------------------------------------------------------------------------------------------------
| Report Methodology
| ------------------
------------------------------------------------------------------------------------------------

No report available as report_methodology has not been run prior. Run report_methodology on the current design for the summary of methodology violations.



check_timing report

Table of Contents
-----------------
1. checking no_clock (0)
2. checking constant_clock (0)
3. checking pulse_width_clock (0)
4. checking unconstrained_internal_endpoints (0)
5. checking no_input_delay (18)
6. checking no_output_delay (16)
7. checking multiple_clock (0)
8. checking generated_clocks (0)
9. checking loops (0)
10. checking partial_input_delay (0)
11. checking partial_output_delay (0)
12. checking latch_loops (0)

1. checking no_clock (0)
------------------------
 There are 0 register/latch pins with no clock.


2. checking constant_clock (0)
------------------------------
 There are 0 register/latch pins with constant_clock.


3. checking pulse_width_clock (0)
---------------------------------
 There are 0 register/latch pins which need pulse_width check


4. checking unconstrained_internal_endpoints (0)
------------------------------------------------
 There are 0 pins that are not constrained for maximum delay.

 There are 0 pins that are not constrained for maximum delay due to constant clock.


5. checking no_input_delay (18)
-------------------------------
 There are 18 input ports with no input delay specified. (HIGH)

 There are 0 input ports with no input delay but user has a false path constraint.


6. checking no_output_delay (16)
--------------------------------
 There are 16 ports with no output delay specified. (HIGH)

 There are 0 ports with no output delay but user has a false path constraint

 There are 0 ports with no output delay but with a timing clock defined on it or propagating through it


7. checking multiple_clock (0)
------------------------------
 There are 0 register/latch pins with multiple clocks.


8. checking generated_clocks (0)
--------------------------------
 There are 0 generated clocks that are not connected to a clock source.


9. checking loops (0)
---------------------
 There are 0 combinational loops in the design.


10. checking partial_input_delay (0)
------------------------------------
 There are 0 input ports with partial input delay specified.


11. checking partial_output_delay (0)
-------------------------------------
 There are 0 ports with partial output delay specified.


12. checking latch_loops (0)
----------------------------
 There are 0 combinational latch loops in the design through latch input



------------------------------------------------------------------------------------------------
| Design Timing Summary
| ---------------------
------------------------------------------------------------------------------------------------

    WNS(ns)      TNS(ns)  TNS Failing Endpoints  TNS Total Endpoints      WHS(ns)      THS(ns)  THS Failing Endpoints  THS Total Endpoints     WPWS(ns)     TPWS(ns)  TPWS Failing Endpoints  TPWS Total Endpoints  
    -------      -------  ---------------------  -------------------      -------      -------  ---------------------  -------------------     --------     --------  ----------------------  --------------------  
      6.040        0.000                      0                   48        0.045        0.000                      0                   48        4.725        0.000                       0                    66  


All user specified timing constraints are met.


------------------------------------------------------------------------------------------------
| Clock Summary
| -------------
------------------------------------------------------------------------------------------------

Clock  Waveform(ns)       Period(ns)      Frequency(MHz)
-----  ------------       ----------      --------------
clk    {0.000 5.000}      10.000          100.000         


------------------------------------------------------------------------------------------------
| Intra Clock Table
| -----------------
------------------------------------------------------------------------------------------------

Clock             WNS(ns)      TNS(ns)  TNS Failing Endpoints  TNS Total Endpoints      WHS(ns)      THS(ns)  THS Failing Endpoints  THS Total Endpoints     WPWS(ns)     TPWS(ns)  TPWS Failing Endpoints  TPWS Total Endpoints  
-----             -------      -------  ---------------------  -------------------      -------      -------  ---------------------  -------------------     --------     --------  ----------------------  --------------------  
clk                 6.040        0.000                      0                   48        0.045        0.000                      0                   48        4.725        0.000                       0                    66  


------------------------------------------------------------------------------------------------
| Inter Clock Table
| -----------------
------------------------------------------------------------------------------------------------

From Clock    To Clock          WNS(ns)      TNS(ns)  TNS Failing Endpoints  TNS Total Endpoints      WHS(ns)      THS(ns)  THS Failing Endpoints  THS Total Endpoints  
----------    --------          -------      -------  ---------------------  -------------------      -------      -------  ---------------------  -------------------  


------------------------------------------------------------------------------------------------
| Other Path Groups Table
| -----------------------
------------------------------------------------------------------------------------------------

Path Group    From Clock    To Clock          WNS(ns)      TNS(ns)  TNS Failing Endpoints  TNS Total Endpoints      WHS(ns)      THS(ns)  THS Failing Endpoints  THS Total Endpoints  
----------    ----------    --------          -------      -------  ---------------------  -------------------      -------      -------  ---------------------  -------------------  


------------------------------------------------------------------------------------------------
| Timing Details
| --------------
------------------------------------------------------------------------------------------------


---------------------------------------------------------------------------------------------------
From Clock:  clk
  To Clock:  clk

Setup :            0  Failing Endpoints,  Worst Slack        6.040ns,  Total Violation        0.000ns
Hold  :            0  Failing Endpoints,  Worst Slack        0.045ns,  Total Violation        0.000ns
PW    :            0  Failing Endpoints,  Worst Slack        4.725ns,  Total Violation        0.000ns
---------------------------------------------------------------------------------------------------


Max Delay Paths
--------------------------------------------------------------------------------------
Slack (MET) :             6.040ns  (required time - arrival time)
  Source:                 b_reg1_reg[4]/C
                            (rising edge-triggered cell FDRE clocked by clk  {rise@0.000ns fall@5.000ns period=10.000ns})
  Destination:            mult_result_reg[14]/D
                            (rising edge-triggered cell FDRE clocked by clk  {rise@0.000ns fall@5.000ns period=10.000ns})
  Path Group:             clk
  Path Type:              Setup (Max at Slow Process Corner)
  Requirement:            10.000ns  (clk rise@10.000ns - clk rise@0.000ns)
  Data Path Delay:        2.954ns  (logic 1.043ns (35.311%)  route 1.911ns (64.689%))
  Logic Levels:           8  (CARRY8=4 LUT4=2 LUT6=2)
  Clock Path Skew:        -0.997ns (DCD - SCD + CPR)
    Destination Clock Delay (DCD):    1.476ns = ( 11.476 - 10.000 ) 
    Source Clock Delay      (SCD):    2.742ns
    Clock Pessimism Removal (CPR):    0.269ns
  Clock Uncertainty:      0.035ns  ((TSJ^2 + TIJ^2)^1/2 + DJ) / 2 + PE
    Total System Jitter     (TSJ):    0.071ns
    Total Input Jitter      (TIJ):    0.000ns
    Discrete Jitter          (DJ):    0.000ns
    Phase Error              (PE):    0.000ns
  Clock Net Delay (Source):      1.857ns (routing 0.904ns, distribution 0.953ns)

    Location             Delay type                Incr(ns)  Path(ns)    Netlist Resource(s)
  -------------------------------------------------------------------    -------------------
                         (clock clk rise edge)        0.000     0.000 r  
    A4                                                0.000     0.000 r  clk (IN)
                         net (fo=0)                   0.000     0.000    clk_IBUF_inst/I
    A4                   INBUF (Prop_INBUF_HPIOB_M_PAD_O)
                                                      0.515     0.515 r  clk_IBUF_inst/INBUF_INST/O
                         net (fo=1, routed)           0.000     0.515    clk_IBUF_inst/OUT
    A4                   IBUFCTRL (Prop_IBUFCTRL_HPIOB_M_I_O)
                                                      0.000     0.515 r  clk_IBUF_inst/IBUFCTRL_INST/O
                         net (fo=2, routed)           0.343     0.858    clk_IBUF
    BUFGCE_X0Y51         BUFGCE (Prop_BUFCE_BUFGCE_I_O)
                                                      0.028     0.886 r  clk_IBUF_BUFG_inst/O
    X1Y1 (CLOCK_ROOT)    net (fo=49, routed)          1.857     2.742    clk_IBUF_BUFG
    SLICE_X46Y93         FDRE                                         r  b_reg1_reg[4]/C
  -------------------------------------------------------------------    -------------------
    SLICE_X46Y93         FDRE (Prop_EFF_SLICEL_C_Q)
                                                      0.096     2.838 r  b_reg1_reg[4]/Q
                         net (fo=18, routed)          0.624     3.462    b_reg1[4]
    SLICE_X46Y89         LUT6 (Prop_H6LUT_SLICEL_I1_O)
                                                      0.179     3.641 r  mult_result[2]_i_2/O
                         net (fo=2, routed)           0.283     3.924    mult_result[2]_i_2_n_0
    SLICE_X46Y90         LUT6 (Prop_H6LUT_SLICEL_I0_O)
                                                      0.064     3.988 r  mult_result[2]_i_9/O
                         net (fo=1, routed)           0.011     3.999    mult_result[2]_i_9_n_0
    SLICE_X46Y90         CARRY8 (Prop_CARRY8_SLICEL_S[7]_CO[7])
                                                      0.148     4.147 r  mult_result_reg[2]_i_1/CO[7]
                         net (fo=1, routed)           0.028     4.175    mult_result_reg[2]_i_1_n_0
    SLICE_X46Y91         CARRY8 (Prop_CARRY8_SLICEL_CI_O[1])
                                                      0.097     4.272 r  mult_result_reg[15]_i_28/O[1]
                         net (fo=2, routed)           0.162     4.434    mult_result_reg[15]_i_28_n_14
    SLICE_X44Y91         LUT4 (Prop_D5LUT_SLICEL_I3_O)
                                                      0.164     4.598 f  mult_result[10]_i_15/O
                         net (fo=3, routed)           0.382     4.980    mult_result[10]_i_15_n_0
    SLICE_X47Y89         LUT4 (Prop_A5LUT_SLICEL_I2_O)
                                                      0.123     5.103 r  mult_result[10]_i_2/O
                         net (fo=1, routed)           0.361     5.464    mult_result[10]_i_2_n_0
    SLICE_X47Y90         CARRY8 (Prop_CARRY8_SLICEL_DI[7]_CO[7])
                                                      0.068     5.532 r  mult_result_reg[10]_i_1/CO[7]
                         net (fo=1, routed)           0.028     5.560    mult_result_reg[10]_i_1_n_0
    SLICE_X47Y91         CARRY8 (Prop_CARRY8_SLICEL_CI_O[3])
                                                      0.104     5.664 r  mult_result_reg[15]_i_1/O[3]
                         net (fo=1, routed)           0.032     5.696    mult_result0[14]
    SLICE_X47Y91         FDRE                                         r  mult_result_reg[14]/D
  -------------------------------------------------------------------    -------------------

                         (clock clk rise edge)       10.000    10.000 r  
    A4                                                0.000    10.000 r  clk (IN)
                         net (fo=0)                   0.000    10.000    clk_IBUF_inst/I
    A4                   INBUF (Prop_INBUF_HPIOB_M_PAD_O)
                                                      0.248    10.248 r  clk_IBUF_inst/INBUF_INST/O
                         net (fo=1, routed)           0.000    10.248    clk_IBUF_inst/OUT
    A4                   IBUFCTRL (Prop_IBUFCTRL_HPIOB_M_I_O)
                                                      0.000    10.248 r  clk_IBUF_inst/IBUFCTRL_INST/O
                         net (fo=2, routed)           0.967    11.215    clk_IBUF
    SLICE_X46Y92         LUT2 (Prop_H6LUT_SLICEL_I0_O)
                                                      0.070    11.285 r  mult_result[15]_i_2/O
                         net (fo=16, routed)          0.191    11.476    gated_clk
    SLICE_X47Y91         FDRE                                         r  mult_result_reg[14]/C
                         clock pessimism              0.269    11.745    
                         clock uncertainty           -0.035    11.710    
    SLICE_X47Y91         FDRE (Setup_DFF_SLICEL_C_D)
                                                      0.027    11.737    mult_result_reg[14]
  -------------------------------------------------------------------
                         required time                         11.737    
                         arrival time                          -5.696    
  -------------------------------------------------------------------
                         slack                                  6.040    





Min Delay Paths
--------------------------------------------------------------------------------------
Slack (MET) :             0.045ns  (arrival time - required time)
  Source:                 add_result_reg[15]/C
                            (rising edge-triggered cell FDRE clocked by clk  {rise@0.000ns fall@5.000ns period=10.000ns})
  Destination:            mac_out_reg[15]/D
                            (rising edge-triggered cell FDRE clocked by clk  {rise@0.000ns fall@5.000ns period=10.000ns})
  Path Group:             clk
  Path Type:              Hold (Min at Fast Process Corner)
  Requirement:            0.000ns  (clk rise@0.000ns - clk rise@0.000ns)
  Data Path Delay:        0.106ns  (logic 0.039ns (36.792%)  route 0.067ns (63.208%))
  Logic Levels:           0  
  Clock Path Skew:        0.014ns (DCD - SCD - CPR)
    Destination Clock Delay (DCD):    1.592ns
    Source Clock Delay      (SCD):    1.241ns
    Clock Pessimism Removal (CPR):    0.336ns
  Clock Net Delay (Source):      0.946ns (routing 0.462ns, distribution 0.484ns)
  Clock Net Delay (Destination): 1.068ns (routing 0.515ns, distribution 0.553ns)

    Location             Delay type                Incr(ns)  Path(ns)    Netlist Resource(s)
  -------------------------------------------------------------------    -------------------
                         (clock clk rise edge)        0.000     0.000 r  
    A4                                                0.000     0.000 r  clk (IN)
                         net (fo=0)                   0.000     0.000    clk_IBUF_inst/I
    A4                   INBUF (Prop_INBUF_HPIOB_M_PAD_O)
                                                      0.123     0.123 r  clk_IBUF_inst/INBUF_INST/O
                         net (fo=1, routed)           0.000     0.123    clk_IBUF_inst/OUT
    A4                   IBUFCTRL (Prop_IBUFCTRL_HPIOB_M_I_O)
                                                      0.000     0.123 r  clk_IBUF_inst/IBUFCTRL_INST/O
                         net (fo=2, routed)           0.156     0.279    clk_IBUF
    BUFGCE_X0Y51         BUFGCE (Prop_BUFCE_BUFGCE_I_O)
                                                      0.017     0.296 r  clk_IBUF_BUFG_inst/O
    X1Y1 (CLOCK_ROOT)    net (fo=49, routed)          0.946     1.241    clk_IBUF_BUFG
    SLICE_X48Y91         FDRE                                         r  add_result_reg[15]/C
  -------------------------------------------------------------------    -------------------
    SLICE_X48Y91         FDRE (Prop_HFF_SLICEM_C_Q)
                                                      0.039     1.280 r  add_result_reg[15]/Q
                         net (fo=1, routed)           0.067     1.347    add_result[15]
    SLICE_X48Y92         FDRE                                         r  mac_out_reg[15]/D
  -------------------------------------------------------------------    -------------------

                         (clock clk rise edge)        0.000     0.000 r  
    A4                                                0.000     0.000 r  clk (IN)
                         net (fo=0)                   0.000     0.000    clk_IBUF_inst/I
    A4                   INBUF (Prop_INBUF_HPIOB_M_PAD_O)
                                                      0.308     0.308 r  clk_IBUF_inst/INBUF_INST/O
                         net (fo=1, routed)           0.000     0.308    clk_IBUF_inst/OUT
    A4                   IBUFCTRL (Prop_IBUFCTRL_HPIOB_M_I_O)
                                                      0.000     0.308 r  clk_IBUF_inst/IBUFCTRL_INST/O
                         net (fo=2, routed)           0.197     0.505    clk_IBUF
    BUFGCE_X0Y51         BUFGCE (Prop_BUFCE_BUFGCE_I_O)
                                                      0.019     0.524 r  clk_IBUF_BUFG_inst/O
    X1Y1 (CLOCK_ROOT)    net (fo=49, routed)          1.068     1.592    clk_IBUF_BUFG
    SLICE_X48Y92         FDRE                                         r  mac_out_reg[15]/C
                         clock pessimism             -0.336     1.256    
    SLICE_X48Y92         FDRE (Hold_FFF2_SLICEM_C_D)
                                                      0.047     1.303    mac_out_reg[15]
  -------------------------------------------------------------------
                         required time                         -1.303    
                         arrival time                           1.347    
  -------------------------------------------------------------------
                         slack                                  0.045    





Pulse Width Checks
--------------------------------------------------------------------------------------
Clock Name:         clk
Waveform(ns):       { 0.000 5.000 }
Period(ns):         10.000
Sources:            { clk }

Check Type        Corner  Lib Pin   Reference Pin  Required(ns)  Actual(ns)  Slack(ns)  Location      Pin
Min Period        n/a     BUFGCE/I  n/a            1.499         10.000      8.501      BUFGCE_X0Y51  clk_IBUF_BUFG_inst/I
Low Pulse Width   Slow    FDRE/C    n/a            0.275         5.000       4.725      SLICE_X48Y90  add_result_reg[0]/C
High Pulse Width  Slow    FDRE/C    n/a            0.275         5.000       4.725      SLICE_X48Y90  add_result_reg[0]/C



